0 info it worked if it ends with ok
1 verbose cli [ 'C:\\Program Files\\nodejs\\\\node.exe',
1 verbose cli   'C:\\Program Files\\nodejs\\node_modules\\npm\\bin\\npm-cli.js',
1 verbose cli   'install',
1 verbose cli   'fs' ]
2 info using npm@1.3.11
3 info using node@v0.10.21
4 verbose node symlink C:\Program Files\nodejs\\node.exe
5 warn package.json NodeJSSQL@0.0.1 No repository field.
6 warn package.json NodeJSSQL@0.0.1 No README data
7 warn package.json http@0.0.0 No repository field.
8 verbose readDependencies using package.json deps
9 verbose cache add [ 'fs', null ]
10 verbose cache add name=undefined spec="fs" args=["fs",null]
11 verbose parsed url { protocol: null,
11 verbose parsed url   slashes: null,
11 verbose parsed url   auth: null,
11 verbose parsed url   host: null,
11 verbose parsed url   port: null,
11 verbose parsed url   hostname: null,
11 verbose parsed url   hash: null,
11 verbose parsed url   search: null,
11 verbose parsed url   query: null,
11 verbose parsed url   pathname: 'fs',
11 verbose parsed url   path: 'fs',
11 verbose parsed url   href: 'fs' }
12 silly lockFile 3f4bb586-fs fs
13 verbose lock fs C:\Users\EZ-KAYTE\AppData\Roaming\npm-cache\3f4bb586-fs.lock
14 silly lockFile 3f4bb586-fs fs
15 silly lockFile 3f4bb586-fs fs
16 verbose addNamed [ 'fs', '' ]
17 verbose addNamed [ null, '*' ]
18 silly lockFile a107b96b-fs fs@
19 verbose lock fs@ C:\Users\EZ-KAYTE\AppData\Roaming\npm-cache\a107b96b-fs.lock
20 silly addNameRange { name: 'fs', range: '*', hasData: false }
21 verbose url raw fs
22 verbose url resolving [ 'https://registry.npmjs.org/', './fs' ]
23 verbose url resolved https://registry.npmjs.org/fs
24 info trying registry request attempt 1 at 14:00:17
25 http GET https://registry.npmjs.org/fs
26 http 404 https://registry.npmjs.org/fs
27 silly registry.get cb [ 404,
27 silly registry.get   { date: 'Fri, 21 Feb 2014 13:00:40 GMT',
27 silly registry.get     server: 'CouchDB/1.5.0 (Erlang OTP/R16B)',
27 silly registry.get     'content-type': 'application/json',
27 silly registry.get     via: '1.1 varnish',
27 silly registry.get     'cache-control': 'max-age=0',
27 silly registry.get     'content-length': '52',
27 silly registry.get     'accept-ranges': 'bytes',
27 silly registry.get     age: '0',
27 silly registry.get     'x-served-by': 'cache-v36-ASH, cache-fra1227-FRA',
27 silly registry.get     'x-cache': 'MISS, MISS',
27 silly registry.get     'x-cache-hits': '0, 0',
27 silly registry.get     'x-timer': 'S1392987640.171433449,VS0,VS45,VE131,VE178',
27 silly registry.get     'keep-alive': 'timeout=10, max=50',
27 silly registry.get     connection: 'Keep-Alive' } ]
28 silly lockFile a107b96b-fs fs@
29 silly lockFile a107b96b-fs fs@
30 error 404 'fs' is not in the npm registry.
30 error 404 You should bug the author to publish it
30 error 404
30 error 404 Note that you can also install from a
30 error 404 tarball, folder, or http url, or git url.
31 error System Windows_NT 6.2.9200
32 error command "C:\\Program Files\\nodejs\\\\node.exe" "C:\\Program Files\\nodejs\\node_modules\\npm\\bin\\npm-cli.js" "install" "fs"
33 error cwd C:\Users\EZ-KAYTE\Documents\Paul\DEV\Web\nodejsSql
34 error node -v v0.10.21
35 error npm -v 1.3.11
36 error code E404
37 verbose exit [ 1, true ]
